<?xml version="1.0" encoding="UTF-8"?>
<!-- Generated by org.testng.reporters.JUnitReportReporter -->
<testsuite hostname="Akshay_Rana" failures="0" tests="1" name="com.TestNg.TestNgFirstValidation" time="0.021" errors="0" timestamp="2021-09-05T14:18:04 IST" skipped="0">
  <testcase classname="com.TestNg.TestNgFirstValidation" name="googletitleTest" time="0.021"/>
  <system-out/>
</testsuite> <!-- com.TestNg.TestNgFirstValidation -->
