<?xml version="1.0" encoding="UTF-8"?>
<!-- Generated by org.testng.reporters.JUnitReportReporter -->
<testsuite hostname="Akshay_Rana" failures="0" tests="5" name="com.TestNg.invocationTestCout" time="0.013" errors="0" timestamp="2021-09-05T14:18:04 IST" skipped="0">
  <testcase classname="com.TestNg.invocationTestCout" name="sum" time="0.001"/>
  <system-out/>
  <testcase classname="com.TestNg.invocationTestCout" name="sum" time="0.004"/>
  <system-out/>
  <testcase classname="com.TestNg.invocationTestCout" name="sum" time="0.005"/>
  <system-out/>
  <testcase classname="com.TestNg.invocationTestCout" name="sum" time="0.002"/>
  <system-out/>
  <testcase classname="com.TestNg.invocationTestCout" name="sum" time="0.001"/>
  <system-out/>
</testsuite> <!-- com.TestNg.invocationTestCout -->
